[0107/133642.326:ERROR:directory_reader_win.cc(43)] FindFirstFile: The system cannot find the path specified. (0x3)
[0107/193612.252:ERROR:process_reader_win.cc(151)] SuspendThread: Access is denied. (0x5)
[0107/193612.252:ERROR:process_reader_win.cc(151)] SuspendThread: Access is denied. (0x5)
[0107/193612.252:ERROR:process_reader_win.cc(151)] SuspendThread: Access is denied. (0x5)
[0107/193612.252:ERROR:process_reader_win.cc(151)] SuspendThread: Access is denied. (0x5)
[0107/193612.252:ERROR:process_reader_win.cc(151)] SuspendThread: Access is denied. (0x5)
[0107/193612.252:ERROR:process_reader_win.cc(151)] SuspendThread: Access is denied. (0x5)
[0107/193612.252:ERROR:process_reader_win.cc(151)] SuspendThread: Access is denied. (0x5)
[0107/193612.260:ERROR:process_reader_win.cc(151)] SuspendThread: Access is denied. (0x5)
[0107/193612.252:ERROR:process_reader_win.cc(151)] SuspendThread: Access is denied. (0x5)
[0107/193612.260:ERROR:process_reader_win.cc(151)] SuspendThread: Access is denied. (0x5)
[0107/193612.260:ERROR:process_reader_win.cc(151)] SuspendThread: Access is denied. (0x5)
[0107/193612.260:ERROR:exception_snapshot_win.cc(99)] thread ID 14600 not found in process
[0107/193612.260:ERROR:process_reader_win.cc(151)] SuspendThread: Access is denied. (0x5)
[0107/193612.260:ERROR:process_reader_win.cc(151)] SuspendThread: Access is denied. (0x5)
[0107/193612.260:ERROR:process_reader_win.cc(151)] SuspendThread: Access is denied. (0x5)
[0107/193612.260:ERROR:process_reader_win.cc(151)] SuspendThread: Access is denied. (0x5)
[0107/193612.260:ERROR:exception_snapshot_win.cc(99)] thread ID 7940 not found in process
[0107/193612.260:ERROR:process_reader_win.cc(151)] SuspendThread: Access is denied. (0x5)
[0107/193612.260:ERROR:process_reader_win.cc(151)] SuspendThread: Access is denied. (0x5)
[0107/193612.260:ERROR:exception_snapshot_win.cc(99)] thread ID 12152 not found in process
[0107/193612.260:ERROR:scoped_process_suspend.cc(31)] NtSuspendProcess: An attempt was made to access an exiting process. (0xc000010a)
[0107/193612.260:ERROR:process_info.cc(118)] ReadProcessMemory bool __cdecl crashpad::(anonymous namespace)::ReadStruct(HANDLE, crashpad::WinVMAddress, T *) [T = crashpad::process_types::PEB<crashpad::process_types::internal::Traits64>]: Only part of a ReadProcessMemory or WriteProcessMemory request was completed. (0x12B)
[0107/193612.260:ERROR:process_info.cc(551)] ReadProcessData failed
[0107/193612.268:ERROR:process_reader_win.cc(151)] SuspendThread: Access is denied. (0x5)
[0107/193612.268:ERROR:process_reader_win.cc(151)] SuspendThread: Access is denied. (0x5)
[0107/193612.268:ERROR:process_reader_win.cc(151)] SuspendThread: Access is denied. (0x5)
[0107/193612.268:ERROR:process_reader_win.cc(151)] SuspendThread: Access is denied. (0x5)
[0107/193612.268:ERROR:process_reader_win.cc(151)] SuspendThread: Access is denied. (0x5)
[0107/193612.268:ERROR:process_reader_win.cc(151)] SuspendThread: Access is denied. (0x5)
[0107/193612.268:ERROR:process_reader_win.cc(151)] SuspendThread: Access is denied. (0x5)
[0107/193612.268:ERROR:process_reader_win.cc(151)] SuspendThread: Access is denied. (0x5)
[0107/193612.268:ERROR:process_reader_win.cc(151)] SuspendThread: Access is denied. (0x5)
[0107/193612.268:ERROR:exception_snapshot_win.cc(99)] thread ID 8960 not found in process
[0107/193612.284:ERROR:process_reader_win.cc(151)] SuspendThread: Access is denied. (0x5)
[0107/193612.284:ERROR:process_reader_win.cc(151)] SuspendThread: Access is denied. (0x5)
[0107/193612.284:ERROR:process_reader_win.cc(151)] SuspendThread: Access is denied. (0x5)
[0107/193612.284:ERROR:process_reader_win.cc(151)] SuspendThread: Access is denied. (0x5)
[0107/193612.284:ERROR:exception_snapshot_win.cc(99)] thread ID 9672 not found in process
[0107/193612.292:ERROR:process_reader_win.cc(151)] SuspendThread: Access is denied. (0x5)
[0107/193612.292:ERROR:process_reader_win.cc(151)] SuspendThread: Access is denied. (0x5)
[0107/193612.292:ERROR:exception_snapshot_win.cc(99)] thread ID 6032 not found in process
[0107/193612.308:ERROR:process_reader_win.cc(151)] SuspendThread: Access is denied. (0x5)
[0107/193612.308:ERROR:process_reader_win.cc(151)] SuspendThread: Access is denied. (0x5)
[0107/193612.308:ERROR:process_reader_win.cc(151)] SuspendThread: Access is denied. (0x5)
[0107/193612.308:ERROR:process_reader_win.cc(151)] SuspendThread: Access is denied. (0x5)
[0107/193612.308:ERROR:process_reader_win.cc(151)] SuspendThread: Access is denied. (0x5)
[0107/193612.308:ERROR:process_reader_win.cc(151)] SuspendThread: Access is denied. (0x5)
[0107/193612.308:ERROR:process_reader_win.cc(151)] SuspendThread: Access is denied. (0x5)
[0107/193612.308:ERROR:process_reader_win.cc(151)] SuspendThread: Access is denied. (0x5)
[0107/193612.308:ERROR:process_reader_win.cc(151)] SuspendThread: Access is denied. (0x5)
[0107/193612.308:ERROR:process_reader_win.cc(151)] SuspendThread: Access is denied. (0x5)
[0107/193612.308:ERROR:process_reader_win.cc(151)] SuspendThread: Access is denied. (0x5)
[0107/193612.308:ERROR:process_reader_win.cc(151)] SuspendThread: Access is denied. (0x5)
[0107/193612.308:ERROR:process_reader_win.cc(151)] SuspendThread: Access is denied. (0x5)
[0107/193612.308:ERROR:process_reader_win.cc(151)] SuspendThread: Access is denied. (0x5)
[0107/193612.308:ERROR:exception_snapshot_win.cc(99)] thread ID 6152 not found in process
[0107/193612.308:ERROR:process_reader_win.cc(123)] NtOpenThread: {Access Denied} A process has requested access to an object, but has not been granted those access rights. (0xc0000022)
[0107/193612.308:ERROR:exception_snapshot_win.cc(99)] thread ID 2848 not found in process
[0107/193612.308:ERROR:process_reader_win.cc(151)] SuspendThread: Access is denied. (0x5)
[0107/193612.308:ERROR:process_reader_win.cc(151)] SuspendThread: Access is denied. (0x5)
[0107/193612.308:ERROR:process_reader_win.cc(151)] SuspendThread: Access is denied. (0x5)
[0107/193612.308:ERROR:process_reader_win.cc(151)] SuspendThread: Access is denied. (0x5)
[0107/193612.308:ERROR:process_reader_win.cc(151)] SuspendThread: Access is denied. (0x5)
[0107/193612.308:ERROR:exception_snapshot_win.cc(99)] thread ID 10548 not found in process
[0107/193612.316:ERROR:process_reader_win.cc(151)] SuspendThread: Access is denied. (0x5)
[0107/193612.316:ERROR:process_reader_win.cc(151)] SuspendThread: Access is denied. (0x5)
[0107/193612.316:ERROR:process_reader_win.cc(151)] SuspendThread: Access is denied. (0x5)
[0107/193612.316:ERROR:process_reader_win.cc(151)] SuspendThread: Access is denied. (0x5)
[0107/193612.316:ERROR:process_reader_win.cc(151)] SuspendThread: Access is denied. (0x5)
[0107/193612.316:ERROR:process_reader_win.cc(151)] SuspendThread: Access is denied. (0x5)
[0107/193612.316:ERROR:process_reader_win.cc(151)] SuspendThread: Access is denied. (0x5)
[0107/193612.316:ERROR:process_reader_win.cc(151)] SuspendThread: Access is denied. (0x5)
[0107/193612.316:ERROR:process_reader_win.cc(151)] SuspendThread: Access is denied. (0x5)
[0107/193612.316:ERROR:exception_snapshot_win.cc(99)] thread ID 15764 not found in process
[0107/193612.316:ERROR:process_reader_win.cc(151)] SuspendThread: Access is denied. (0x5)
[0107/193612.316:ERROR:process_reader_win.cc(151)] SuspendThread: Access is denied. (0x5)
[0107/193612.316:ERROR:process_reader_win.cc(151)] SuspendThread: Access is denied. (0x5)
[0107/193612.316:ERROR:process_reader_win.cc(151)] SuspendThread: Access is denied. (0x5)
[0107/193612.316:ERROR:process_reader_win.cc(151)] SuspendThread: Access is denied. (0x5)
[0107/193612.316:ERROR:process_reader_win.cc(151)] SuspendThread: Access is denied. (0x5)
[0107/193612.316:ERROR:process_reader_win.cc(151)] SuspendThread: Access is denied. (0x5)
[0107/193612.316:ERROR:process_reader_win.cc(151)] SuspendThread: Access is denied. (0x5)
[0107/193612.316:ERROR:exception_snapshot_win.cc(99)] thread ID 4216 not found in process
